Build started 2/8/2017 3:07:56 PM.
     1>Project "D:\DOCUMENT\ki11-EVRY\dectection d'obstacle\Test_OpenCV\Test_OpenCV\Test_OpenCV.vcxproj" on node 2 (Build target(s)).
     1>ClCompile:
         C:\Program Files (x86)\Microsoft Visual Studio 12.0\VC\bin\CL.exe /c /IC:\opencv\opencv\build\include /ZI /nologo /W3 /WX- /Od /Oy- /D WIN32 /D _DEBUG /D _CONSOLE /D _UNICODE /D UNICODE /Gm /EHsc /RTC1 /MDd /GS /fp:precise /Zc:wchar_t /Zc:forScope /Yu"stdafx.h" /Fp"Debug\Test_OpenCV.pch" /Fo"Debug\\" /Fd"Debug\vc120.pdb" /Gd /TP /analyze- /errorReport:prompt "..\..\..\dectection d'obstacle\Test_OpenCV\Test_OpenCV\DetectionObstacle.cpp" Test_OpenCV.cpp
         Test_OpenCV.cpp
     1>d:\document\ki11-evry\dectection d'obstacle\test_opencv\test_opencv\test_opencv.cpp(6): warning C4627: '#include "DetectionObstacle.h"': skipped when looking for precompiled header use
                 Add directive to 'stdafx.h' or rebuild precompiled header
     1>d:\document\ki11-evry\dectection d'obstacle\test_opencv\test_opencv\test_opencv.cpp(68): fatal error C1010: unexpected end of file while looking for precompiled header. Did you forget to add '#include "stdafx.h"' to your source?
         DetectionObstacle.cpp
     1>d:\document\ki11-evry\dectection d'obstacle\test_opencv\test_opencv\detectionobstacle.cpp(2): warning C4627: '#include "DetectionObstacle.h"': skipped when looking for precompiled header use
                 Add directive to 'stdafx.h' or rebuild precompiled header
     1>d:\document\ki11-evry\dectection d'obstacle\test_opencv\test_opencv\detectionobstacle.cpp(4): warning C4627: '#include <opencv2/opencv.hpp>': skipped when looking for precompiled header use
                 Add directive to 'stdafx.h' or rebuild precompiled header
     1>d:\document\ki11-evry\dectection d'obstacle\test_opencv\test_opencv\detectionobstacle.cpp(5): warning C4627: '#include <iostream>': skipped when looking for precompiled header use
                 Add directive to 'stdafx.h' or rebuild precompiled header
     1>d:\document\ki11-evry\dectection d'obstacle\test_opencv\test_opencv\detectionobstacle.cpp(6): warning C4627: '#include "opencv\cv.h"': skipped when looking for precompiled header use
                 Add directive to 'stdafx.h' or rebuild precompiled header
     1>d:\document\ki11-evry\dectection d'obstacle\test_opencv\test_opencv\detectionobstacle.cpp(9): warning C4627: '#include <opencv2/opencv.hpp>': skipped when looking for precompiled header use
                 Add directive to 'stdafx.h' or rebuild precompiled header
     1>d:\document\ki11-evry\dectection d'obstacle\test_opencv\test_opencv\detectionobstacle.cpp(10): warning C4627: '#include "opencv\highgui.h"': skipped when looking for precompiled header use
                 Add directive to 'stdafx.h' or rebuild precompiled header
     1>d:\document\ki11-evry\dectection d'obstacle\test_opencv\test_opencv\detectionobstacle.cpp(11): warning C4627: '#include "opencv2/highgui/highgui.hpp"': skipped when looking for precompiled header use
                 Add directive to 'stdafx.h' or rebuild precompiled header
     1>d:\document\ki11-evry\dectection d'obstacle\test_opencv\test_opencv\detectionobstacle.cpp(12): warning C4627: '#include "opencv2/imgproc/imgproc.hpp"': skipped when looking for precompiled header use
                 Add directive to 'stdafx.h' or rebuild precompiled header
     1>d:\document\ki11-evry\dectection d'obstacle\test_opencv\test_opencv\detectionobstacle.cpp(13): warning C4627: '#include <math.h>': skipped when looking for precompiled header use
                 Add directive to 'stdafx.h' or rebuild precompiled header
     1>d:\document\ki11-evry\dectection d'obstacle\test_opencv\test_opencv\detectionobstacle.cpp(175): fatal error C1010: unexpected end of file while looking for precompiled header. Did you forget to add '#include "stdafx.h"' to your source?
         Generating Code...
     1>Done Building Project "D:\DOCUMENT\ki11-EVRY\dectection d'obstacle\Test_OpenCV\Test_OpenCV\Test_OpenCV.vcxproj" (Build target(s)) -- FAILED.

Build FAILED.

Time Elapsed 00:00:00.14
